
> nextjs@0.1.0 dev
> next dev -H 0.0.0.0 -p 3000

   ▲ Next.js 15.2.3
   - Local:        http://localhost:3000
   - Network:      http://0.0.0.0:3000

 ✓ Starting...
 ✓ Ready in 4.3s
 ○ Compiling / ...
 ⨯ ./src/components/layout/MainContainer.tsx:4:1
Module not found: Can't resolve './Header'
  2 |
  3 | import React, { useState, ReactNode } from 'react';
> 4 | import Header from './Header';
    | ^
  5 | import Sidebar from './Sidebar';
  6 | import { InventoryProvider } from '@/contexts/InventoryContext';
  7 |

https://nextjs.org/docs/messages/module-not-found
 ⨯ ./src/components/layout/MainContainer.tsx:4:1
Module not found: Can't resolve './Header'
  2 |
  3 | import React, { useState, ReactNode } from 'react';
> 4 | import Header from './Header';
    | ^
  5 | import Sidebar from './Sidebar';
  6 | import { InventoryProvider } from '@/contexts/InventoryContext';
  7 |

https://nextjs.org/docs/messages/module-not-found
 ⨯ ./src/components/layout/MainContainer.tsx:4:1
Module not found: Can't resolve './Header'
  2 |
  3 | import React, { useState, ReactNode } from 'react';
> 4 | import Header from './Header';
    | ^
  5 | import Sidebar from './Sidebar';
  6 | import { InventoryProvider } from '@/contexts/InventoryContext';
  7 |

https://nextjs.org/docs/messages/module-not-found
 ⨯ ./src/components/layout/MainContainer.tsx:4:1
Module not found: Can't resolve './Header'
  2 |
  3 | import React, { useState, ReactNode } from 'react';
> 4 | import Header from './Header';
    | ^
  5 | import Sidebar from './Sidebar';
  6 | import { InventoryProvider } from '@/contexts/InventoryContext';
  7 |

https://nextjs.org/docs/messages/module-not-found
 ⨯ ./src/components/layout/MainContainer.tsx:4:1
Module not found: Can't resolve './Header'
  2 |
  3 | import React, { useState, ReactNode } from 'react';
> 4 | import Header from './Header';
    | ^
  5 | import Sidebar from './Sidebar';
  6 | import { InventoryProvider } from '@/contexts/InventoryContext';
  7 |

https://nextjs.org/docs/messages/module-not-found
 ⨯ ./src/components/layout/MainContainer.tsx:4:1
Module not found: Can't resolve './Header'
  2 |
  3 | import React, { useState, ReactNode } from 'react';
> 4 | import Header from './Header';
    | ^
  5 | import Sidebar from './Sidebar';
  6 | import { InventoryProvider } from '@/contexts/InventoryContext';
  7 |

https://nextjs.org/docs/messages/module-not-found
 ⨯ ./src/components/layout/MainContainer.tsx:4:1
Module not found: Can't resolve './Header'
  2 |
  3 | import React, { useState, ReactNode } from 'react';
> 4 | import Header from './Header';
    | ^
  5 | import Sidebar from './Sidebar';
  6 | import { InventoryProvider } from '@/contexts/InventoryContext';
  7 |

https://nextjs.org/docs/messages/module-not-found
 ⨯ ./src/components/layout/MainContainer.tsx:4:1
Module not found: Can't resolve './Header'
  2 |
  3 | import React, { useState, ReactNode } from 'react';
> 4 | import Header from './Header';
    | ^
  5 | import Sidebar from './Sidebar';
  6 | import { InventoryProvider } from '@/contexts/InventoryContext';
  7 |

https://nextjs.org/docs/messages/module-not-found
 ⨯ ./src/components/layout/MainContainer.tsx:4:1
Module not found: Can't resolve './Header'
  2 |
  3 | import React, { useState, ReactNode } from 'react';
> 4 | import Header from './Header';
    | ^
  5 | import Sidebar from './Sidebar';
  6 | import { InventoryProvider } from '@/contexts/InventoryContext';
  7 |

https://nextjs.org/docs/messages/module-not-found
 ⨯ ./src/components/layout/MainContainer.tsx:4:1
Module not found: Can't resolve './Header'
  2 |
  3 | import React, { useState, ReactNode } from 'react';
> 4 | import Header from './Header';
    | ^
  5 | import Sidebar from './Sidebar';
  6 | import { InventoryProvider } from '@/contexts/InventoryContext';
  7 |

https://nextjs.org/docs/messages/module-not-found
 ⨯ ./src/components/layout/MainContainer.tsx:4:1
Module not found: Can't resolve './Header'
  2 |
  3 | import React, { useState, ReactNode } from 'react';
> 4 | import Header from './Header';
    | ^
  5 | import Sidebar from './Sidebar';
  6 | import { InventoryProvider } from '@/contexts/InventoryContext';
  7 |

https://nextjs.org/docs/messages/module-not-found
 ⨯ ./src/components/layout/MainContainer.tsx:4:1
Module not found: Can't resolve './Header'
  2 |
  3 | import React, { useState, ReactNode } from 'react';
> 4 | import Header from './Header';
    | ^
  5 | import Sidebar from './Sidebar';
  6 | import { InventoryProvider } from '@/contexts/InventoryContext';
  7 |

https://nextjs.org/docs/messages/module-not-found
 ⨯ ./src/components/layout/MainContainer.tsx:4:1
Module not found: Can't resolve './Header'
  2 |
  3 | import React, { useState, ReactNode } from 'react';
> 4 | import Header from './Header';
    | ^
  5 | import Sidebar from './Sidebar';
  6 | import { InventoryProvider } from '@/contexts/InventoryContext';
  7 |

https://nextjs.org/docs/messages/module-not-found
 ⨯ ./src/components/layout/MainContainer.tsx:4:1
Module not found: Can't resolve './Header'
  2 |
  3 | import React, { useState, ReactNode } from 'react';
> 4 | import Header from './Header';
    | ^
  5 | import Sidebar from './Sidebar';
  6 | import { InventoryProvider } from '@/contexts/InventoryContext';
  7 |

https://nextjs.org/docs/messages/module-not-found
 ⨯ ./src/components/layout/MainContainer.tsx:4:1
Module not found: Can't resolve './Header'
  2 |
  3 | import React, { useState, ReactNode } from 'react';
> 4 | import Header from './Header';
    | ^
  5 | import Sidebar from './Sidebar';
  6 | import { InventoryProvider } from '@/contexts/InventoryContext';
  7 |

https://nextjs.org/docs/messages/module-not-found
 ⨯ ./src/components/layout/MainContainer.tsx:4:1
Module not found: Can't resolve './Header'
  2 |
  3 | import React, { useState, ReactNode } from 'react';
> 4 | import Header from './Header';
    | ^
  5 | import Sidebar from './Sidebar';
  6 | import { InventoryProvider } from '@/contexts/InventoryContext';
  7 |

https://nextjs.org/docs/messages/module-not-found
 ⨯ ./src/components/layout/MainContainer.tsx:4:1
Module not found: Can't resolve './Header'
  2 |
  3 | import React, { useState, ReactNode } from 'react';
> 4 | import Header from './Header';
    | ^
  5 | import Sidebar from './Sidebar';
  6 | import { InventoryProvider } from '@/contexts/InventoryContext';
  7 |

https://nextjs.org/docs/messages/module-not-found
 ⨯ ./src/components/layout/MainContainer.tsx:4:1
Module not found: Can't resolve './Header'
  2 |
  3 | import React, { useState, ReactNode } from 'react';
> 4 | import Header from './Header';
    | ^
  5 | import Sidebar from './Sidebar';
  6 | import { InventoryProvider } from '@/contexts/InventoryContext';
  7 |

https://nextjs.org/docs/messages/module-not-found
 ⨯ ./src/components/layout/MainContainer.tsx:4:1
Module not found: Can't resolve './Header'
  2 |
  3 | import React, { useState, ReactNode } from 'react';
> 4 | import Header from './Header';
    | ^
  5 | import Sidebar from './Sidebar';
  6 | import { InventoryProvider } from '@/contexts/InventoryContext';
  7 |

https://nextjs.org/docs/messages/module-not-found
 ⨯ ./src/components/layout/MainContainer.tsx:4:1
Module not found: Can't resolve './Header'
  2 |
  3 | import React, { useState, ReactNode } from 'react';
> 4 | import Header from './Header';
    | ^
  5 | import Sidebar from './Sidebar';
  6 | import { InventoryProvider } from '@/contexts/InventoryContext';
  7 |

https://nextjs.org/docs/messages/module-not-found
 ⨯ ./src/components/layout/MainContainer.tsx:4:1
Module not found: Can't resolve './Header'
  2 |
  3 | import React, { useState, ReactNode } from 'react';
> 4 | import Header from './Header';
    | ^
  5 | import Sidebar from './Sidebar';
  6 | import { InventoryProvider } from '@/contexts/InventoryContext';
  7 |

https://nextjs.org/docs/messages/module-not-found
 ⨯ ./src/components/layout/MainContainer.tsx:4:1
Module not found: Can't resolve './Header'
  2 |
  3 | import React, { useState, ReactNode } from 'react';
> 4 | import Header from './Header';
    | ^
  5 | import Sidebar from './Sidebar';
  6 | import { InventoryProvider } from '@/contexts/InventoryContext';
  7 |

https://nextjs.org/docs/messages/module-not-found
 ⨯ ./src/components/layout/MainContainer.tsx:4:1
Module not found: Can't resolve './Header'
  2 |
  3 | import React, { useState, ReactNode } from 'react';
> 4 | import Header from './Header';
    | ^
  5 | import Sidebar from './Sidebar';
  6 | import { InventoryProvider } from '@/contexts/InventoryContext';
  7 |

https://nextjs.org/docs/messages/module-not-found
 ⨯ ./src/components/layout/MainContainer.tsx:4:1
Module not found: Can't resolve './Header'
  2 |
  3 | import React, { useState, ReactNode } from 'react';
> 4 | import Header from './Header';
    | ^
  5 | import Sidebar from './Sidebar';
  6 | import { InventoryProvider } from '@/contexts/InventoryContext';
  7 |

https://nextjs.org/docs/messages/module-not-found
 ⨯ ./src/components/layout/MainContainer.tsx:4:1
Module not found: Can't resolve './Header'
  2 |
  3 | import React, { useState, ReactNode } from 'react';
> 4 | import Header from './Header';
    | ^
  5 | import Sidebar from './Sidebar';
  6 | import { InventoryProvider } from '@/contexts/InventoryContext';
  7 |

https://nextjs.org/docs/messages/module-not-found
 ⨯ ./src/components/layout/MainContainer.tsx:4:1
Module not found: Can't resolve './Header'
  2 |
  3 | import React, { useState, ReactNode } from 'react';
> 4 | import Header from './Header';
    | ^
  5 | import Sidebar from './Sidebar';
  6 | import { InventoryProvider } from '@/contexts/InventoryContext';
  7 |

https://nextjs.org/docs/messages/module-not-found
 ⨯ ./src/components/layout/MainContainer.tsx:4:1
Module not found: Can't resolve './Header'
  2 |
  3 | import React, { useState, ReactNode } from 'react';
> 4 | import Header from './Header';
    | ^
  5 | import Sidebar from './Sidebar';
  6 | import { InventoryProvider } from '@/contexts/InventoryContext';
  7 |

https://nextjs.org/docs/messages/module-not-found
 ⨯ ./src/components/layout/MainContainer.tsx:4:1
Module not found: Can't resolve './Header'
  2 |
  3 | import React, { useState, ReactNode } from 'react';
> 4 | import Header from './Header';
    | ^
  5 | import Sidebar from './Sidebar';
  6 | import { InventoryProvider } from '@/contexts/InventoryContext';
  7 |

https://nextjs.org/docs/messages/module-not-found
 ⨯ ./src/components/layout/MainContainer.tsx:4:1
Module not found: Can't resolve './Header'
  2 |
  3 | import React, { useState, ReactNode } from 'react';
> 4 | import Header from './Header';
    | ^
  5 | import Sidebar from './Sidebar';
  6 | import { InventoryProvider } from '@/contexts/InventoryContext';
  7 |

https://nextjs.org/docs/messages/module-not-found
 ⨯ ./src/components/layout/MainContainer.tsx:4:1
Module not found: Can't resolve './Header'
  2 |
  3 | import React, { useState, ReactNode } from 'react';
> 4 | import Header from './Header';
    | ^
  5 | import Sidebar from './Sidebar';
  6 | import { InventoryProvider } from '@/contexts/InventoryContext';
  7 |

https://nextjs.org/docs/messages/module-not-found
 ⨯ ./src/components/layout/MainContainer.tsx:4:1
Module not found: Can't resolve './Header'
  2 |
  3 | import React, { useState, ReactNode } from 'react';
> 4 | import Header from './Header';
    | ^
  5 | import Sidebar from './Sidebar';
  6 | import { InventoryProvider } from '@/contexts/InventoryContext';
  7 |

https://nextjs.org/docs/messages/module-not-found
 ⨯ ./src/components/layout/MainContainer.tsx:4:1
Module not found: Can't resolve './Header'
  2 |
  3 | import React, { useState, ReactNode } from 'react';
> 4 | import Header from './Header';
    | ^
  5 | import Sidebar from './Sidebar';
  6 | import { InventoryProvider } from '@/contexts/InventoryContext';
  7 |

https://nextjs.org/docs/messages/module-not-found
 ⨯ ./src/components/layout/MainContainer.tsx:4:1
Module not found: Can't resolve './Header'
  2 |
  3 | import React, { useState, ReactNode } from 'react';
> 4 | import Header from './Header';
    | ^
  5 | import Sidebar from './Sidebar';
  6 | import { InventoryProvider } from '@/contexts/InventoryContext';
  7 |

https://nextjs.org/docs/messages/module-not-found
 ⨯ ./src/components/layout/MainContainer.tsx:4:1
Module not found: Can't resolve './Header'
  2 |
  3 | import React, { useState, ReactNode } from 'react';
> 4 | import Header from './Header';
    | ^
  5 | import Sidebar from './Sidebar';
  6 | import { InventoryProvider } from '@/contexts/InventoryContext';
  7 |

https://nextjs.org/docs/messages/module-not-found
 ⨯ ./src/components/layout/MainContainer.tsx:4:1
Module not found: Can't resolve './Header'
  2 |
  3 | import React, { useState, ReactNode } from 'react';
> 4 | import Header from './Header';
    | ^
  5 | import Sidebar from './Sidebar';
  6 | import { InventoryProvider } from '@/contexts/InventoryContext';
  7 |

https://nextjs.org/docs/messages/module-not-found
